2024/03/27 16:55:21 [emerg] 61588#61588: open() "/home/gopalakrishnas/Desktop/repos23/others23/openresty23/config23/config23/conf/nginx.conf" failed (2: No such file or directory)
2024/03/27 16:55:36 [emerg] 61643#61643: open() "/home/gopalakrishnas/Desktop/repos23/others23/openresty23/config23/config23/conf/nginx.conf" failed (2: No such file or directory)
2024/03/27 16:56:25 [emerg] 61718#61718: bind() to 0.0.0.0:8080 failed (98: Address already in use)
2024/03/27 16:56:25 [emerg] 61718#61718: bind() to 0.0.0.0:8080 failed (98: Address already in use)
2024/03/27 16:56:25 [emerg] 61718#61718: bind() to 0.0.0.0:8080 failed (98: Address already in use)
2024/03/27 16:56:25 [emerg] 61718#61718: bind() to 0.0.0.0:8080 failed (98: Address already in use)
2024/03/27 16:56:25 [emerg] 61718#61718: bind() to 0.0.0.0:8080 failed (98: Address already in use)
2024/03/27 16:56:25 [emerg] 61718#61718: still could not bind()
2024/03/27 16:59:43 [notice] 62592#62592: signal process started
2024/03/27 17:01:08 [notice] 62745#62745: signal process started
2024/03/31 09:55:33 [emerg] 8057#8057: open() "/home/gopalakrishnas/Desktop/repos23/others23/openresty23/config23/config23/conf/nginx.conf" failed (2: No such file or directory)
2024/03/31 09:55:49 [emerg] 8122#8122: open() "/home/gopalakrishnas/Desktop/repos23/others23/openresty23/config23/config23/logs/error.log" failed (2: No such file or directory)
2024/03/31 10:00:20 [notice] 8459#8459: signal process started
2024/03/31 13:22:20 [notice] 6454#6454: signal process started
2024/03/31 13:22:35 [error] 6456#6456: *2 failed to load external Lua file "/home/gopalakrishnas/Desktop/repos23/others23/openresty23/config23/lua23/hello_world.lua": cannot open /home/gopalakrishnas/Desktop/repos23/others23/openresty23/config23/lua23/hello_world.lua: No such file or directory, client: 127.0.0.1, server: , request: "GET /file23 HTTP/1.1", host: "localhost:8080"
2024/03/31 13:22:44 [error] 6456#6456: *2 failed to load external Lua file "/home/gopalakrishnas/Desktop/repos23/others23/openresty23/config23/lua23/hello_world.lua": cannot open /home/gopalakrishnas/Desktop/repos23/others23/openresty23/config23/lua23/hello_world.lua: No such file or directory, client: 127.0.0.1, server: , request: "GET /file23 HTTP/1.1", host: "localhost:8080"
2024/03/31 13:24:43 [notice] 6675#6675: signal process started
2024/04/01 10:17:13 [notice] 19598#19598: signal process started
2024/04/01 10:18:16 [notice] 19675#19675: signal process started
2024/04/01 10:19:43 [notice] 19746#19746: signal process started
2024/04/01 10:34:55 [notice] 21028#21028: signal process started
2024/04/01 10:36:45 [notice] 21097#21097: signal process started
2024/04/01 10:37:03 [notice] 21139#21139: signal process started
2024/04/01 10:37:22 [notice] 21186#21186: signal process started
2024/04/01 10:39:21 [notice] 21308#21308: signal process started
2024/04/01 10:39:36 [notice] 21354#21354: signal process started
2024/04/01 10:39:42 [error] 21356#21356: *10 lua entry thread aborted: runtime error: ...others23/openresty23/config23/../lua23/echoPostReq23.lua:2: module 'resty.reqargs' not found:
	no field package.preload['resty.reqargs']
	no file '/usr/local/openresty/site/lualib/resty/reqargs.ljbc'
	no file '/usr/local/openresty/site/lualib/resty/reqargs/init.ljbc'
	no file '/usr/local/openresty/lualib/resty/reqargs.ljbc'
	no file '/usr/local/openresty/lualib/resty/reqargs/init.ljbc'
	no file '/usr/local/openresty/site/lualib/resty/reqargs.lua'
	no file '/usr/local/openresty/site/lualib/resty/reqargs/init.lua'
	no file '/usr/local/openresty/lualib/resty/reqargs.lua'
	no file '/usr/local/openresty/lualib/resty/reqargs/init.lua'
	no file './resty/reqargs.lua'
	no file '/usr/local/openresty/luajit/share/luajit-2.1/resty/reqargs.lua'
	no file '/usr/local/share/lua/5.1/resty/reqargs.lua'
	no file '/usr/local/share/lua/5.1/resty/reqargs/init.lua'
	no file '/usr/local/openresty/luajit/share/lua/5.1/resty/reqargs.lua'
	no file '/usr/local/openresty/luajit/share/lua/5.1/resty/reqargs/init.lua'
	no file '/usr/local/openresty/site/lualib/resty/reqargs.so'
	no file '/usr/local/openresty/lualib/resty/reqargs.so'
	no file './resty/reqargs.so'
	no file '/usr/local/lib/lua/5.1/resty/reqargs.so'
	no file '/usr/local/openresty/luajit/lib/lua/5.1/resty/reqargs.so'
	no file '/usr/local/lib/lua/5.1/loadall.so'
	no file '/usr/local/openresty/site/lualib/resty.so'
	no file '/usr/local/openresty/lualib/resty.so'
	no file './resty.so'
	no file '/usr/local/lib/lua/5.1/resty.so'
	no file '/usr/local/openresty/luajit/lib/lua/5.1/resty.so'
	no file '/usr/local/lib/lua/5.1/loadall.so'
stack traceback:
coroutine 0:
	[C]: in function 'require'
	...others23/openresty23/config23/../lua23/echoPostReq23.lua:2: in main chunk, client: 127.0.0.1, server: , request: "GET /echoPostBody23 HTTP/1.1", host: "localhost:8080"
2024/04/01 10:47:12 [notice] 21798#21798: signal process started
2024/04/01 11:04:02 [notice] 24499#24499: signal process started
2024/04/01 11:05:23 [error] 24501#24501: *14 failed to load external Lua file "/home/gopalakrishnas/Desktop/repos23/others23/openresty23/config23/..lua23/write_to_postgres11.lua": cannot open /home/gopalakrishnas/Desktop/repos23/others23/openresty23/config23/..lua23/write_to_postgres11.lua: No such file or directory, client: 127.0.0.1, server: , request: "GET /writeToPg23 HTTP/1.1", host: "localhost:8080"
2024/04/01 11:05:34 [error] 24501#24501: *14 failed to load external Lua file "/home/gopalakrishnas/Desktop/repos23/others23/openresty23/config23/..lua23/write_to_postgres11.lua": cannot open /home/gopalakrishnas/Desktop/repos23/others23/openresty23/config23/..lua23/write_to_postgres11.lua: No such file or directory, client: 127.0.0.1, server: , request: "POST /writeToPg23 HTTP/1.1", host: "localhost:8080"
2024/04/01 11:07:08 [notice] 24795#24795: signal process started
2024/04/01 11:07:12 [error] 24797#24797: *15 failed to load external Lua file "/home/gopalakrishnas/Desktop/repos23/others23/openresty23/config23/..lua23/write_to_postgres11.lua": cannot open /home/gopalakrishnas/Desktop/repos23/others23/openresty23/config23/..lua23/write_to_postgres11.lua: No such file or directory, client: 127.0.0.1, server: , request: "POST /writeToPg23 HTTP/1.1", host: "localhost:8080"
2024/04/01 11:09:25 [notice] 25194#25194: signal process started
2024/04/01 11:10:03 [notice] 25283#25283: signal process started
2024/04/01 11:10:12 [error] 25285#25285: *17 lua entry thread aborted: runtime error: /usr/local/openresty/site/lualib/pgmoon/init.lua:476: Either luaossl or resty.openssl is required to derive pbkdf2 key
stack traceback:
coroutine 0:
	[C]: in function 'kdf_derive_sha256'
	/usr/local/openresty/site/lualib/pgmoon/init.lua:476: in function 'auth'
	/usr/local/openresty/site/lualib/pgmoon/init.lua:268: in function 'connect'
	...23/openresty23/config23/../lua23/write_to_postgres11.lua:17: in main chunk, client: 127.0.0.1, server: , request: "POST /writeToPg23 HTTP/1.1", host: "localhost:8080"
2024/04/01 11:13:16 [notice] 25750#25750: signal process started
2024/04/01 11:13:20 [error] 25752#25752: *19 lua entry thread aborted: runtime error: ...23/openresty23/config23/../lua23/write_to_postgres11.lua:11: attempt to call a table value
stack traceback:
coroutine 0:
	...23/openresty23/config23/../lua23/write_to_postgres11.lua: in main chunk, client: 127.0.0.1, server: , request: "POST /writeToPg23 HTTP/1.1", host: "localhost:8080"
2024/04/01 11:14:45 [notice] 25938#25938: signal process started
2024/04/01 11:14:50 [error] 25940#25940: *20 lua entry thread aborted: runtime error: /usr/local/openresty/site/lualib/pgmoon/init.lua:476: Either luaossl or resty.openssl is required to derive pbkdf2 key
stack traceback:
coroutine 0:
	[C]: in function 'kdf_derive_sha256'
	/usr/local/openresty/site/lualib/pgmoon/init.lua:476: in function 'auth'
	/usr/local/openresty/site/lualib/pgmoon/init.lua:268: in function 'connect'
	...23/openresty23/config23/../lua23/write_to_postgres11.lua:20: in main chunk, client: 127.0.0.1, server: , request: "POST /writeToPg23 HTTP/1.1", host: "localhost:8080"
2024/04/01 11:19:19 [notice] 27020#27020: signal process started
